2021-Feb-25 21:56:22,866 [main] com.bhiman.keywords.UIKeywords 
 INFO  opening chorme browser
2021-Feb-25 21:56:34,175 [main] com.bhiman.util.PropertyUtil 
 INFO  Executing test onbeta environment
2021-Feb-25 21:56:34,176 [main] com.bhiman.util.PropertyUtil 
 INFO  Launching url...http://103.50.162.196/testing/user-login.php
2021-Feb-25 21:56:37,337 [main] com.bhiman.util.Config 
 INFO  Lauching brawser  ...
2021-Feb-25 21:56:41,501 [main] com.bhiman.util.Config 
 INFO  Lauching brawser  ...null
2021-Feb-25 21:56:43,556 [main] com.bhiman.util.SeleniumBaseTest 
 INFO  Closed all browser window...
2021-Feb-25 21:56:43,591 [main] com.bhiman.keywords.UIKeywords 
 INFO  opening chorme browser
2021-Feb-25 21:56:49,658 [main] com.bhiman.util.PropertyUtil 
 INFO  Executing test onbeta environment
2021-Feb-25 21:56:49,664 [main] com.bhiman.util.PropertyUtil 
 INFO  Launching url...http://103.50.162.196/testing/user-login.php
2021-Feb-25 21:56:52,701 [main] com.bhiman.util.Config 
 INFO  Lauching brawser  ...
