2021-Feb-26 00:15:02,471 [main] com.bhiman.util.Config 
 INFO  Lauching brawser  ...
2021-Feb-26 00:15:08,379 [main] com.bhiman.util.PropertyUtil 
 INFO  Executing test onbeta environment
2021-Feb-26 00:15:08,380 [main] com.bhiman.util.PropertyUtil 
 INFO  Launching url...http://103.50.162.196/testing/user-login.php
2021-Feb-26 00:15:12,075 [main] com.bhiman.pages.LoginPage 
 INFO  Clicked on login button
2021-Feb-26 00:15:17,379 [main] com.bhiman.util.SeleniumBaseTest 
 INFO  Closed all browser window...
2021-Feb-26 00:15:17,421 [main] com.bhiman.util.Config 
 INFO  Lauching brawser  ...
2021-Feb-26 00:15:21,858 [main] com.bhiman.util.PropertyUtil 
 INFO  Executing test onbeta environment
2021-Feb-26 00:15:21,859 [main] com.bhiman.util.PropertyUtil 
 INFO  Launching url...http://103.50.162.196/testing/user-login.php
2021-Feb-26 00:15:26,869 [main] com.bhiman.pages.LoginPage 
 INFO  Clicked on login button
2021-Feb-26 00:15:34,046 [main] com.bhiman.util.SeleniumBaseTest 
 INFO  Closed all browser window...
