2021-Feb-26 00:08:24,968 [main] com.bhiman.util.Config 
 INFO  Lauching brawser  ...
2021-Feb-26 00:08:30,819 [main] com.bhiman.util.PropertyUtil 
 INFO  Executing test onbeta environment
2021-Feb-26 00:08:30,821 [main] com.bhiman.util.PropertyUtil 
 INFO  Launching url...http://103.50.162.196/testing/user-login.php
2021-Feb-26 00:08:34,669 [main] com.bhiman.pages.LoginPage 
 INFO  Clicked on login button
2021-Feb-26 00:08:36,343 [main] com.bhiman.util.SeleniumBaseTest 
 INFO  Closed all browser window...
2021-Feb-26 00:08:36,380 [main] com.bhiman.util.Config 
 INFO  Lauching brawser  ...
2021-Feb-26 00:08:40,153 [main] com.bhiman.util.PropertyUtil 
 INFO  Executing test onbeta environment
2021-Feb-26 00:08:40,154 [main] com.bhiman.util.PropertyUtil 
 INFO  Launching url...http://103.50.162.196/testing/user-login.php
2021-Feb-26 00:08:44,540 [main] com.bhiman.pages.LoginPage 
 INFO  Clicked on login button
2021-Feb-26 00:08:46,406 [main] com.bhiman.util.SeleniumBaseTest 
 INFO  Closed all browser window...
