2021-Feb-22 08:44:12,281 [main] com.bhiman.util.Config 
 INFO  Lauching brawser  ...
2021-Feb-22 08:44:18,213 [main] com.bhiman.util.Config 
 INFO  Lauching brawser  ...http://103.50.162.196/testing/user-login.php
2021-Feb-22 08:44:21,517 [main] com.bhiman.util.Config 
 INFO  Lauching brawser  ...
2021-Feb-22 08:44:25,264 [main] com.bhiman.util.Config 
 INFO  Lauching brawser  ...http://103.50.162.196/testing/user-login.php
2021-Feb-22 08:44:36,641 [main] com.bhiman.pages.LoginPage 
 INFO  Clicked on login button
2021-Feb-22 08:44:37,798 [main] com.bhiman.util.SeleniumBase 
 INFO  Closed all browser window...
2021-Feb-22 08:44:37,818 [main] com.bhiman.util.Config 
 INFO  Lauching brawser  ...
2021-Feb-22 08:44:41,520 [main] com.bhiman.util.Config 
 INFO  Lauching brawser  ...http://103.50.162.196/testing/user-login.php
2021-Feb-22 08:44:46,942 [main] com.bhiman.util.Config 
 INFO  Lauching brawser  ...
2021-Feb-22 08:44:51,097 [main] com.bhiman.util.Config 
 INFO  Lauching brawser  ...http://103.50.162.196/testing/user-login.php
2021-Feb-22 08:44:55,812 [main] com.bhiman.pages.LoginPage 
 INFO  Clicked on login button
2021-Feb-22 08:44:57,330 [main] com.bhiman.util.SeleniumBase 
 INFO  Closed all browser window...
